2020-07-30 08:52:29,969 INFO o.a.j.u.JMeterUtils: Setting Locale to en
2020-07-30 08:52:30,015 INFO o.a.j.JMeter: Loading user properties from: user.properties
2020-07-30 08:52:30,016 INFO o.a.j.JMeter: Loading system properties from: system.properties
2020-07-30 08:52:30,016 INFO o.a.j.JMeter: Setting JMeter property: jmeter.save.saveservice.output_format=xml
2020-07-30 08:52:30,018 INFO o.a.j.JMeter: Copyright (c) 1998-2020 The Apache Software Foundation
2020-07-30 08:52:30,018 INFO o.a.j.JMeter: Version 5.3
2020-07-30 08:52:30,019 INFO o.a.j.JMeter: java.version=11.0.8
2020-07-30 08:52:30,019 INFO o.a.j.JMeter: java.vm.name=OpenJDK 64-Bit Server VM
2020-07-30 08:52:30,019 INFO o.a.j.JMeter: os.name=Linux
2020-07-30 08:52:30,019 INFO o.a.j.JMeter: os.arch=amd64
2020-07-30 08:52:30,019 INFO o.a.j.JMeter: os.version=5.3.0-1030-aws
2020-07-30 08:52:30,019 INFO o.a.j.JMeter: file.encoding=UTF-8
2020-07-30 08:52:30,019 INFO o.a.j.JMeter: java.awt.headless=true
2020-07-30 08:52:30,019 INFO o.a.j.JMeter: Max memory     =2061500416
2020-07-30 08:52:30,019 INFO o.a.j.JMeter: Available Processors =2
2020-07-30 08:52:30,030 INFO o.a.j.JMeter: Default Locale=English
2020-07-30 08:52:30,031 INFO o.a.j.JMeter: JMeter  Locale=English
2020-07-30 08:52:30,031 INFO o.a.j.JMeter: JMeterHome=/home/ubuntu/environment/OrayIC/apache-jmeter-5.3
2020-07-30 08:52:30,031 INFO o.a.j.JMeter: user.dir  =/home/ubuntu/environment/OrayIC/apache-jmeter-5.3/bin
2020-07-30 08:52:30,031 INFO o.a.j.JMeter: PWD       =/home/ubuntu/environment/OrayIC/apache-jmeter-5.3/bin
2020-07-30 08:52:30,034 INFO o.a.j.JMeter: IP: 172.31.10.142 Name: ip-172-31-10-142 FullName: ip-172-31-10-142.eu-west-1.compute.internal
2020-07-30 08:52:30,040 INFO o.a.j.s.FileServer: Default base='/home/ubuntu/environment/OrayIC/apache-jmeter-5.3/bin'
2020-07-30 08:52:30,043 INFO o.a.j.s.FileServer: Set new base='/home/ubuntu/environment/OrayIC/jmeter'
2020-07-30 08:52:30,210 INFO o.a.j.s.SaveService: Testplan (JMX) version: 2.2. Testlog (JTL) version: 2.2
2020-07-30 08:52:30,250 INFO o.a.j.s.SaveService: Using SaveService properties version 5.0
2020-07-30 08:52:30,259 INFO o.a.j.s.SaveService: Using SaveService properties file encoding UTF-8
2020-07-30 08:52:30,273 INFO o.a.j.s.SaveService: Loading file: /home/ubuntu/environment/OrayIC/jmeter/pruebas.jmx
2020-07-30 08:52:30,351 INFO o.a.j.p.h.s.HTTPSamplerBase: Parser for text/html is org.apache.jmeter.protocol.http.parser.LagartoBasedHtmlParser
2020-07-30 08:52:30,351 INFO o.a.j.p.h.s.HTTPSamplerBase: Parser for application/xhtml+xml is org.apache.jmeter.protocol.http.parser.LagartoBasedHtmlParser
2020-07-30 08:52:30,351 INFO o.a.j.p.h.s.HTTPSamplerBase: Parser for application/xml is org.apache.jmeter.protocol.http.parser.LagartoBasedHtmlParser
2020-07-30 08:52:30,351 INFO o.a.j.p.h.s.HTTPSamplerBase: Parser for text/xml is org.apache.jmeter.protocol.http.parser.LagartoBasedHtmlParser
2020-07-30 08:52:30,352 INFO o.a.j.p.h.s.HTTPSamplerBase: Parser for text/vnd.wap.wml is org.apache.jmeter.protocol.http.parser.RegexpHTMLParser
2020-07-30 08:52:30,352 INFO o.a.j.p.h.s.HTTPSamplerBase: Parser for text/css is org.apache.jmeter.protocol.http.parser.CssParser
2020-07-30 08:52:30,373 INFO o.a.j.p.h.c.CookieManager: Settings: Delete null: true Check: true Allow variable: true Save: false Prefix: COOKIE_
2020-07-30 08:52:30,406 INFO o.a.j.JMeter: Creating summariser <summary>
2020-07-30 08:52:30,414 INFO o.a.j.e.StandardJMeterEngine: Running the test!
2020-07-30 08:52:30,416 INFO o.a.j.s.SampleEvent: List of sample_variables: []
2020-07-30 08:52:30,416 INFO o.a.j.s.SampleEvent: List of sample_variables: []
2020-07-30 08:52:30,434 INFO o.a.j.e.u.CompoundVariable: Note: Function class names must contain the string: '.functions.'
2020-07-30 08:52:30,434 INFO o.a.j.e.u.CompoundVariable: Note: Function class names must not contain the string: '.gui.'
2020-07-30 08:52:30,948 INFO o.a.j.JMeter: Running test (1596099150948)
2020-07-30 08:52:30,991 INFO o.a.j.e.StandardJMeterEngine: Starting ThreadGroup: 1 : Usuarios
2020-07-30 08:52:30,992 INFO o.a.j.e.StandardJMeterEngine: Starting 20 threads for group Usuarios.
2020-07-30 08:52:30,992 INFO o.a.j.e.StandardJMeterEngine: Thread will continue on error
2020-07-30 08:52:30,992 INFO o.a.j.t.ThreadGroup: Starting thread group... number=1 threads=20 ramp-up=1 delayedStart=false
2020-07-30 08:52:31,052 INFO o.a.j.t.ThreadGroup: Started thread group number 1
2020-07-30 08:52:31,052 INFO o.a.j.e.StandardJMeterEngine: All thread groups have been started
2020-07-30 08:52:31,056 INFO o.a.j.t.JMeterThread: Thread started: Usuarios 1-1
2020-07-30 08:52:31,098 INFO o.a.j.t.JMeterThread: Thread started: Usuarios 1-2
2020-07-30 08:52:31,145 INFO o.a.j.t.JMeterThread: Thread started: Usuarios 1-3
2020-07-30 08:52:31,191 INFO o.a.j.t.JMeterThread: Thread started: Usuarios 1-4
2020-07-30 08:52:31,239 INFO o.a.j.t.JMeterThread: Thread started: Usuarios 1-5
2020-07-30 08:52:31,299 INFO o.a.j.t.JMeterThread: Thread started: Usuarios 1-6
2020-07-30 08:52:31,336 INFO o.a.j.t.JMeterThread: Thread started: Usuarios 1-7
2020-07-30 08:52:31,385 INFO o.a.j.s.SampleResult: Note: Sample TimeStamps are START times
2020-07-30 08:52:31,385 INFO o.a.j.s.SampleResult: sampleresult.default.encoding is set to ISO-8859-1
2020-07-30 08:52:31,386 INFO o.a.j.s.SampleResult: sampleresult.useNanoTime=true
2020-07-30 08:52:31,386 INFO o.a.j.s.SampleResult: sampleresult.nanoThreadSleep=5000
2020-07-30 08:52:31,394 INFO o.a.j.t.JMeterThread: Thread started: Usuarios 1-8
2020-07-30 08:52:31,403 INFO o.a.j.r.Summariser: summary +      1 in 00:00:00 =    2.2/s Avg:     0 Min:     0 Max:     0 Err:     1 (100.00%) Active: 8 Started: 8 Finished: 0
2020-07-30 08:52:31,431 INFO o.a.j.t.JMeterThread: Thread started: Usuarios 1-9
2020-07-30 08:52:31,479 INFO o.a.j.t.JMeterThread: Thread started: Usuarios 1-10
2020-07-30 08:52:31,520 INFO o.a.j.p.h.s.HTTPHCAbstractImpl: Local host = ip-172-31-10-142
2020-07-30 08:52:31,527 INFO o.a.j.p.h.s.HTTPHC4Impl: HTTP request retry count = 0
2020-07-30 08:52:31,528 INFO o.a.j.t.JMeterThread: Thread started: Usuarios 1-11
2020-07-30 08:52:31,575 INFO o.a.j.t.JMeterThread: Thread started: Usuarios 1-12
2020-07-30 08:52:31,625 INFO o.a.j.t.JMeterThread: Thread started: Usuarios 1-13
2020-07-30 08:52:31,676 INFO o.a.j.t.JMeterThread: Thread started: Usuarios 1-14
2020-07-30 08:52:31,713 INFO o.a.j.t.JMeterThread: Thread started: Usuarios 1-15
2020-07-30 08:52:31,754 INFO o.a.j.t.JMeterThread: Thread started: Usuarios 1-16
2020-07-30 08:52:31,804 INFO o.a.j.t.JMeterThread: Thread started: Usuarios 1-17
2020-07-30 08:52:31,857 INFO o.a.j.t.JMeterThread: Thread started: Usuarios 1-18
2020-07-30 08:52:31,906 INFO o.a.j.t.JMeterThread: Thread started: Usuarios 1-19
2020-07-30 08:52:31,963 INFO o.a.j.t.JMeterThread: Thread started: Usuarios 1-20
2020-07-30 08:52:41,848 INFO o.a.j.t.JMeterThread: Thread is done: Usuarios 1-2
2020-07-30 08:52:41,848 INFO o.a.j.t.JMeterThread: Thread finished: Usuarios 1-2
2020-07-30 08:52:41,897 INFO o.a.j.t.JMeterThread: Thread is done: Usuarios 1-6
2020-07-30 08:52:41,897 INFO o.a.j.t.JMeterThread: Thread finished: Usuarios 1-6
2020-07-30 08:52:41,980 INFO o.a.j.t.JMeterThread: Thread is done: Usuarios 1-5
2020-07-30 08:52:41,980 INFO o.a.j.t.JMeterThread: Thread finished: Usuarios 1-5
2020-07-30 08:52:42,005 INFO o.a.j.t.JMeterThread: Thread is done: Usuarios 1-4
2020-07-30 08:52:42,005 INFO o.a.j.t.JMeterThread: Thread finished: Usuarios 1-4
2020-07-30 08:52:42,033 INFO o.a.j.t.JMeterThread: Thread is done: Usuarios 1-3
2020-07-30 08:52:42,033 INFO o.a.j.t.JMeterThread: Thread finished: Usuarios 1-3
2020-07-30 08:52:42,090 INFO o.a.j.t.JMeterThread: Thread is done: Usuarios 1-1
2020-07-30 08:52:42,090 INFO o.a.j.t.JMeterThread: Thread finished: Usuarios 1-1
2020-07-30 08:52:42,554 INFO o.a.j.t.JMeterThread: Thread is done: Usuarios 1-7
2020-07-30 08:52:42,554 INFO o.a.j.t.JMeterThread: Thread finished: Usuarios 1-7
2020-07-30 08:52:43,507 INFO o.a.j.t.JMeterThread: Thread is done: Usuarios 1-8
2020-07-30 08:52:43,507 INFO o.a.j.t.JMeterThread: Thread finished: Usuarios 1-8
2020-07-30 08:52:43,620 INFO o.a.j.t.JMeterThread: Thread is done: Usuarios 1-9
2020-07-30 08:52:43,620 INFO o.a.j.t.JMeterThread: Thread finished: Usuarios 1-9
2020-07-30 08:52:43,688 INFO o.a.j.t.JMeterThread: Thread is done: Usuarios 1-10
2020-07-30 08:52:43,688 INFO o.a.j.t.JMeterThread: Thread finished: Usuarios 1-10
2020-07-30 08:52:44,201 INFO o.a.j.t.JMeterThread: Thread is done: Usuarios 1-14
2020-07-30 08:52:44,201 INFO o.a.j.t.JMeterThread: Thread finished: Usuarios 1-14
2020-07-30 08:52:44,378 INFO o.a.j.t.JMeterThread: Thread is done: Usuarios 1-11
2020-07-30 08:52:44,378 INFO o.a.j.t.JMeterThread: Thread finished: Usuarios 1-11
2020-07-30 08:52:44,553 INFO o.a.j.t.JMeterThread: Thread is done: Usuarios 1-12
2020-07-30 08:52:44,553 INFO o.a.j.t.JMeterThread: Thread finished: Usuarios 1-12
2020-07-30 08:52:44,784 INFO o.a.j.t.JMeterThread: Thread is done: Usuarios 1-13
2020-07-30 08:52:44,785 INFO o.a.j.t.JMeterThread: Thread finished: Usuarios 1-13
2020-07-30 08:52:45,494 INFO o.a.j.t.JMeterThread: Thread is done: Usuarios 1-20
2020-07-30 08:52:45,494 INFO o.a.j.t.JMeterThread: Thread finished: Usuarios 1-20
2020-07-30 08:52:45,568 INFO o.a.j.t.JMeterThread: Thread is done: Usuarios 1-15
2020-07-30 08:52:45,568 INFO o.a.j.t.JMeterThread: Thread finished: Usuarios 1-15
2020-07-30 08:52:45,663 INFO o.a.j.t.JMeterThread: Thread is done: Usuarios 1-18
2020-07-30 08:52:45,664 INFO o.a.j.t.JMeterThread: Thread finished: Usuarios 1-18
2020-07-30 08:52:45,681 INFO o.a.j.t.JMeterThread: Thread is done: Usuarios 1-16
2020-07-30 08:52:45,681 INFO o.a.j.t.JMeterThread: Thread finished: Usuarios 1-16
2020-07-30 08:52:46,337 INFO o.a.j.t.JMeterThread: Thread is done: Usuarios 1-19
2020-07-30 08:52:46,337 INFO o.a.j.t.JMeterThread: Thread finished: Usuarios 1-19
2020-07-30 08:52:46,358 INFO o.a.j.t.JMeterThread: Thread is done: Usuarios 1-17
2020-07-30 08:52:46,359 INFO o.a.j.t.JMeterThread: Thread finished: Usuarios 1-17
2020-07-30 08:52:46,359 INFO o.a.j.e.StandardJMeterEngine: Notifying test listeners of end of test
2020-07-30 08:52:46,360 INFO o.a.j.r.Summariser: summary +    599 in 00:00:15 =   40.0/s Avg:   229 Min:     0 Max:  3514 Err:   399 (66.61%) Active: 0 Started: 20 Finished: 20
2020-07-30 08:52:46,361 INFO o.a.j.r.Summariser: summary =    600 in 00:00:15 =   38.9/s Avg:   228 Min:     0 Max:  3514 Err:   400 (66.67%)
